<?xml version="1.0" encoding="UTF-8"?>
<testng-results ignored="0" total="1" passed="1" failed="0" skipped="0">
  <reporter-output>
  </reporter-output>
  <suite started-at="2023-12-06T13:55:05 IST" name="Default suite" finished-at="2023-12-06T13:55:13 IST" duration-ms="7565">
    <groups>
    </groups>
    <test started-at="2023-12-06T13:55:05 IST" name="Default test" finished-at="2023-12-06T13:55:13 IST" duration-ms="7565">
      <class name="com.project.staragile.insureme.testngreports">
        <test-method signature="verifyPageContent()[pri:0, instance:com.project.staragile.insureme.testngreports@e25951c]" started-at="2023-12-06T13:55:06 IST" name="verifyPageContent" finished-at="2023-12-06T13:55:13 IST" duration-ms="7477" status="PASS">
          <reporter-output>
          </reporter-output>
        </test-method> <!-- verifyPageContent -->
      </class> <!-- com.project.staragile.insureme.testngreports -->
    </test> <!-- Default test -->
  </suite> <!-- Default suite -->
</testng-results>
